mode: set
/home/leo/code/go/health/utils.go:21.101,23.35 2 0
/home/leo/code/go/health/utils.go:26.2,30.15 5 0
/home/leo/code/go/health/utils.go:23.35,25.3 1 0
/home/leo/code/go/health/utils.go:33.56,38.21 4 1
/home/leo/code/go/health/utils.go:55.2,55.22 1 1
/home/leo/code/go/health/utils.go:38.21,39.15 1 1
/home/leo/code/go/health/utils.go:43.3,44.47 2 1
/home/leo/code/go/health/utils.go:47.3,48.17 2 1
/home/leo/code/go/health/utils.go:51.3,53.8 3 1
/home/leo/code/go/health/utils.go:39.15,41.12 2 1
/home/leo/code/go/health/utils.go:44.47,45.12 1 1
/home/leo/code/go/health/utils.go:48.17,49.12 1 1
/home/leo/code/go/health/utils.go:58.55,60.67 2 1
/home/leo/code/go/health/utils.go:64.2,70.16 7 1
/home/leo/code/go/health/utils.go:75.2,80.16 5 1
/home/leo/code/go/health/utils.go:83.2,85.22 2 1
/home/leo/code/go/health/utils.go:60.67,62.3 1 1
/home/leo/code/go/health/utils.go:70.16,73.3 2 1
/home/leo/code/go/health/utils.go:80.16,82.3 1 0
/home/leo/code/go/health/utils.go:88.35,90.16 2 0
/home/leo/code/go/health/utils.go:93.2,93.30 1 0
/home/leo/code/go/health/utils.go:90.16,92.3 1 0
/home/leo/code/go/health/utils.go:96.49,99.2 2 1
/home/leo/code/go/health/utils.go:101.47,104.29 2 1
/home/leo/code/go/health/utils.go:110.2,113.21 3 1
/home/leo/code/go/health/utils.go:104.29,106.3 1 1
/home/leo/code/go/health/utils.go:106.8,108.3 1 1
/home/leo/code/go/health/utils.go:116.65,118.29 2 0
/home/leo/code/go/health/utils.go:124.2,127.16 4 0
/home/leo/code/go/health/utils.go:133.2,133.64 1 0
/home/leo/code/go/health/utils.go:138.2,139.16 2 0
/home/leo/code/go/health/utils.go:143.2,148.12 5 0
/home/leo/code/go/health/utils.go:118.29,120.3 1 0
/home/leo/code/go/health/utils.go:120.8,122.3 1 0
/home/leo/code/go/health/utils.go:127.16,132.3 3 0
/home/leo/code/go/health/utils.go:133.64,135.3 1 0
/home/leo/code/go/health/utils.go:135.8,137.3 1 0
/home/leo/code/go/health/utils.go:139.16,142.3 2 0
/home/leo/code/go/health/utils.go:151.53,153.22 1 0
/home/leo/code/go/health/utils.go:158.2,159.45 2 0
/home/leo/code/go/health/utils.go:163.2,164.16 2 0
/home/leo/code/go/health/utils.go:153.22,155.3 1 0
/home/leo/code/go/health/utils.go:159.45,161.3 1 0
/home/leo/code/go/health/utils.go:164.16,168.3 3 0
/home/leo/code/go/health/utils.go:171.64,172.38 1 0
/home/leo/code/go/health/utils.go:172.38,174.3 1 0
/home/leo/code/go/health/utils.go:177.57,188.2 4 0
/home/leo/code/go/health/utils.go:190.58,205.2 4 0
/home/leo/code/go/health/utils.go:207.98,214.6 5 0
/home/leo/code/go/health/utils.go:214.6,215.10 1 0
/home/leo/code/go/health/utils.go:216.30,217.54 1 0
/home/leo/code/go/health/utils.go:218.32,219.38 1 0
/home/leo/code/go/health/utils.go:224.65,227.32 2 0
/home/leo/code/go/health/utils.go:231.2,231.20 1 0
/home/leo/code/go/health/utils.go:227.32,229.3 1 0
/home/leo/code/go/health/gui.go:12.40,22.2 8 0
/home/leo/code/go/health/gui.go:24.52,29.2 4 0
/home/leo/code/go/health/gui.go:31.47,32.66 1 0
/home/leo/code/go/health/gui.go:32.66,34.3 1 0
/home/leo/code/go/health/gui.go:37.89,46.41 6 0
/home/leo/code/go/health/gui.go:55.2,56.14 2 0
/home/leo/code/go/health/gui.go:46.41,49.28 3 0
/home/leo/code/go/health/gui.go:52.3,52.23 1 0
/home/leo/code/go/health/gui.go:49.28,51.4 1 0
/home/leo/code/go/health/gui.go:59.58,61.29 2 0
/home/leo/code/go/health/gui.go:64.2,65.13 2 0
/home/leo/code/go/health/gui.go:61.29,63.3 1 0
/home/leo/code/go/health/main.go:18.13,21.27 2 0
/home/leo/code/go/health/main.go:25.2,27.27 2 0
/home/leo/code/go/health/main.go:31.2,32.16 2 0
/home/leo/code/go/health/main.go:36.2,43.16 2 0
/home/leo/code/go/health/main.go:47.2,57.16 5 0
/home/leo/code/go/health/main.go:60.2,64.16 4 0
/home/leo/code/go/health/main.go:67.2,70.16 3 0
/home/leo/code/go/health/main.go:74.2,94.16 15 0
/home/leo/code/go/health/main.go:98.2,102.33 3 0
/home/leo/code/go/health/main.go:21.27,23.3 1 0
/home/leo/code/go/health/main.go:27.27,28.45 1 0
/home/leo/code/go/health/main.go:32.16,33.13 1 0
/home/leo/code/go/health/main.go:43.16,44.13 1 0
/home/leo/code/go/health/main.go:57.16,59.3 1 0
/home/leo/code/go/health/main.go:64.16,65.13 1 0
/home/leo/code/go/health/main.go:70.16,71.13 1 0
/home/leo/code/go/health/main.go:94.16,96.3 1 0
/home/leo/code/go/health/main.go:102.33,104.3 1 0
/home/leo/code/go/health/state_string.go:7.10,15.2 5 0
/home/leo/code/go/health/state_string.go:21.32,22.46 1 0
/home/leo/code/go/health/state_string.go:25.2,25.55 1 0
/home/leo/code/go/health/state_string.go:22.46,24.3 1 0
/home/leo/code/go/health/types.go:52.36,54.2 1 0
/home/leo/code/go/health/types.go:56.41,58.2 1 0
